{"/home/sam/Documents/Wits/2025/SM1/COMS3009A-SD/azure-deployment/todo/ToDo.js": {"path":"/home/sam/Documents/Wits/2025/SM1/COMS3009A-SD/azure-deployment/todo/ToDo.js","statementMap":{"0":{"start":{"line":3,"column":8},"end":{"line":3,"column":23}},"1":{"start":{"line":4,"column":8},"end":{"line":4,"column":20}},"2":{"start":{"line":7,"column":8},"end":{"line":7,"column":25}},"3":{"start":{"line":10,"column":8},"end":{"line":10,"column":54}},"4":{"start":{"line":11,"column":8},"end":{"line":11,"column":19}},"5":{"start":{"line":14,"column":8},"end":{"line":14,"column":61}},"6":{"start":{"line":14,"column":45},"end":{"line":14,"column":59}},"7":{"start":{"line":17,"column":21},"end":{"line":17,"column":59}},"8":{"start":{"line":17,"column":44},"end":{"line":17,"column":58}},"9":{"start":{"line":18,"column":8},"end":{"line":20,"column":9}},"10":{"start":{"line":19,"column":10},"end":{"line":19,"column":27}},"11":{"start":{"line":23,"column":8},"end":{"line":23,"column":23}}},"fnMap":{"0":{"name":"(anonymous_0)","decl":{"start":{"line":2,"column":4},"end":{"line":2,"column":5}},"loc":{"start":{"line":2,"column":18},"end":{"line":5,"column":5}},"line":2},"1":{"name":"(anonymous_1)","decl":{"start":{"line":6,"column":4},"end":{"line":6,"column":5}},"loc":{"start":{"line":6,"column":14},"end":{"line":8,"column":5}},"line":6},"2":{"name":"(anonymous_2)","decl":{"start":{"line":9,"column":4},"end":{"line":9,"column":5}},"loc":{"start":{"line":9,"column":14},"end":{"line":12,"column":5}},"line":9},"3":{"name":"(anonymous_3)","decl":{"start":{"line":13,"column":4},"end":{"line":13,"column":5}},"loc":{"start":{"line":13,"column":15},"end":{"line":15,"column":5}},"line":13},"4":{"name":"(anonymous_4)","decl":{"start":{"line":14,"column":37},"end":{"line":14,"column":38}},"loc":{"start":{"line":14,"column":45},"end":{"line":14,"column":59}},"line":14},"5":{"name":"(anonymous_5)","decl":{"start":{"line":16,"column":4},"end":{"line":16,"column":5}},"loc":{"start":{"line":16,"column":21},"end":{"line":21,"column":5}},"line":16},"6":{"name":"(anonymous_6)","decl":{"start":{"line":17,"column":36},"end":{"line":17,"column":37}},"loc":{"start":{"line":17,"column":44},"end":{"line":17,"column":58}},"line":17},"7":{"name":"(anonymous_7)","decl":{"start":{"line":22,"column":4},"end":{"line":22,"column":5}},"loc":{"start":{"line":22,"column":12},"end":{"line":24,"column":5}},"line":22}},"branchMap":{"0":{"loc":{"start":{"line":18,"column":8},"end":{"line":20,"column":9}},"type":"if","locations":[{"start":{"line":18,"column":8},"end":{"line":20,"column":9}},{"start":{},"end":{}}],"line":18}},"s":{"0":6,"1":6,"2":6,"3":9,"4":9,"5":1,"6":2,"7":2,"8":3,"9":2,"10":1,"11":1},"f":{"0":6,"1":6,"2":9,"3":1,"4":2,"5":2,"6":3,"7":1},"b":{"0":[1,1]},"_coverageSchema":"1a1c01bbd47fc00a2c39e90264f33305004495a9","hash":"bd940022eab8c2f4a2ddb2bf2beff4f88c101400"}
}
